2022-07-22 13:21:15,603:INFO:PyCaret Supervised Module
2022-07-22 13:21:15,604:INFO:ML Usecase: classification
2022-07-22 13:21:15,604:INFO:version 2.2.2
2022-07-22 13:21:15,604:INFO:Initializing setup()
2022-07-22 13:21:15,605:INFO:setup(target=imdb_scores, ml_usecase=classification, available_plots={'parameter': 'Hyperparameters', 'auc': 'AUC', 'confusion_matrix': 'Confusion Matrix', 'threshold': 'Threshold', 'pr': 'Precision Recall', 'error': 'Prediction Error', 'class_report': 'Class Report', 'rfe': 'Feature Selection', 'learning': 'Learning Curve', 'manifold': 'Manifold Learning', 'calibration': 'Calibration Curve', 'vc': 'Validation Curve', 'dimension': 'Dimensions', 'feature': 'Feature Importance', 'feature_all': 'Feature Importance (All)', 'boundary': 'Decision Boundary', 'lift': 'Lift Chart', 'gain': 'Gain Chart', 'tree': 'Decision Tree'}, train_size=0.7, test_data=None, preprocess=True, imputation_type=simple, iterative_imputation_iters=5, categorical_features=None, categorical_imputation=constant, categorical_iterative_imputer=lightgbm, ordinal_features=None, high_cardinality_features=None, high_cardinality_method=frequency, numeric_features=None, numeric_imputation=mean, numeric_iterative_imputer=lightgbm, date_features=None, ignore_features=None, normalize=False, normalize_method=zscore, transformation=False, transformation_method=yeo-johnson, handle_unknown_categorical=True, unknown_categorical_method=least_frequent, pca=False, pca_method=linear, pca_components=None, ignore_low_variance=False, combine_rare_levels=False, rare_level_threshold=0.1, bin_numeric_features=None, remove_outliers=False, outliers_threshold=0.05, remove_multicollinearity=False, multicollinearity_threshold=0.9, remove_perfect_collinearity=True, create_clusters=False, cluster_iter=20, polynomial_features=False, polynomial_degree=2, trigonometry_features=False, polynomial_threshold=0.1, group_features=None, group_names=None, feature_selection=False, feature_selection_threshold=0.8, feature_selection_method=classic, feature_interaction=False, feature_ratio=False, interaction_threshold=0.01, fix_imbalance=False, fix_imbalance_method=None, transform_target=False, transform_target_method=box-cox, data_split_shuffle=True, data_split_stratify=False, fold_strategy=stratifiedkfold, fold=10, fold_shuffle=False, fold_groups=None, n_jobs=-1, use_gpu=False, custom_pipeline=None, html=True, session_id=123, log_experiment=False, experiment_name=None, log_plots=False, log_profile=False, log_data=False, silent=False, verbose=True, profile=False, profile_kwargs=None, display=None)
2022-07-22 13:21:15,606:INFO:Checking environment
2022-07-22 13:21:15,606:INFO:python_version: 3.9.12
2022-07-22 13:21:15,606:INFO:python_build: ('main', 'Apr  4 2022 05:22:27')
2022-07-22 13:21:15,606:INFO:machine: AMD64
2022-07-22 13:21:15,606:INFO:platform: Windows-10-10.0.19044-SP0
2022-07-22 13:21:15,606:INFO:Memory: svmem(total=16844550144, available=3346096128, percent=80.1, used=13498454016, free=3346096128)
2022-07-22 13:21:15,606:INFO:Physical Core: 4
2022-07-22 13:21:15,606:INFO:Logical Core: 8
2022-07-22 13:21:15,606:INFO:Checking libraries
2022-07-22 13:21:15,607:INFO:pd==1.4.2
2022-07-22 13:21:15,607:INFO:numpy==1.21.5
2022-07-22 13:21:15,607:INFO:sklearn==1.1.1
2022-07-22 13:21:16,431:INFO:xgboost==1.6.1
2022-07-22 13:21:16,431:INFO:lightgbm==3.3.2
2022-07-22 13:21:18,801:INFO:catboost==0.26.1
2022-07-22 13:21:20,828:INFO:mlflow==1.27.0
2022-07-22 13:21:20,847:INFO:Checking Exceptions
2022-07-22 13:21:58,829:INFO:PyCaret Supervised Module
2022-07-22 13:21:58,829:INFO:ML Usecase: classification
2022-07-22 13:21:58,829:INFO:version 2.2.2
2022-07-22 13:21:58,829:INFO:Initializing setup()
2022-07-22 13:21:58,829:INFO:setup(target=imdb_score, ml_usecase=classification, available_plots={'parameter': 'Hyperparameters', 'auc': 'AUC', 'confusion_matrix': 'Confusion Matrix', 'threshold': 'Threshold', 'pr': 'Precision Recall', 'error': 'Prediction Error', 'class_report': 'Class Report', 'rfe': 'Feature Selection', 'learning': 'Learning Curve', 'manifold': 'Manifold Learning', 'calibration': 'Calibration Curve', 'vc': 'Validation Curve', 'dimension': 'Dimensions', 'feature': 'Feature Importance', 'feature_all': 'Feature Importance (All)', 'boundary': 'Decision Boundary', 'lift': 'Lift Chart', 'gain': 'Gain Chart', 'tree': 'Decision Tree'}, train_size=0.7, test_data=None, preprocess=True, imputation_type=simple, iterative_imputation_iters=5, categorical_features=None, categorical_imputation=constant, categorical_iterative_imputer=lightgbm, ordinal_features=None, high_cardinality_features=None, high_cardinality_method=frequency, numeric_features=None, numeric_imputation=mean, numeric_iterative_imputer=lightgbm, date_features=None, ignore_features=None, normalize=False, normalize_method=zscore, transformation=False, transformation_method=yeo-johnson, handle_unknown_categorical=True, unknown_categorical_method=least_frequent, pca=False, pca_method=linear, pca_components=None, ignore_low_variance=False, combine_rare_levels=False, rare_level_threshold=0.1, bin_numeric_features=None, remove_outliers=False, outliers_threshold=0.05, remove_multicollinearity=False, multicollinearity_threshold=0.9, remove_perfect_collinearity=True, create_clusters=False, cluster_iter=20, polynomial_features=False, polynomial_degree=2, trigonometry_features=False, polynomial_threshold=0.1, group_features=None, group_names=None, feature_selection=False, feature_selection_threshold=0.8, feature_selection_method=classic, feature_interaction=False, feature_ratio=False, interaction_threshold=0.01, fix_imbalance=False, fix_imbalance_method=None, transform_target=False, transform_target_method=box-cox, data_split_shuffle=True, data_split_stratify=False, fold_strategy=stratifiedkfold, fold=10, fold_shuffle=False, fold_groups=None, n_jobs=-1, use_gpu=False, custom_pipeline=None, html=True, session_id=123, log_experiment=False, experiment_name=None, log_plots=False, log_profile=False, log_data=False, silent=False, verbose=True, profile=False, profile_kwargs=None, display=None)
2022-07-22 13:21:58,829:INFO:Checking environment
2022-07-22 13:21:58,829:INFO:python_version: 3.9.12
2022-07-22 13:21:58,829:INFO:python_build: ('main', 'Apr  4 2022 05:22:27')
2022-07-22 13:21:58,829:INFO:machine: AMD64
2022-07-22 13:21:58,830:INFO:platform: Windows-10-10.0.19044-SP0
2022-07-22 13:21:58,830:INFO:Memory: svmem(total=16844550144, available=3281932288, percent=80.5, used=13562617856, free=3281932288)
2022-07-22 13:21:58,830:INFO:Physical Core: 4
2022-07-22 13:21:58,830:INFO:Logical Core: 8
2022-07-22 13:21:58,830:INFO:Checking libraries
2022-07-22 13:21:58,830:INFO:pd==1.4.2
2022-07-22 13:21:58,830:INFO:numpy==1.21.5
2022-07-22 13:21:58,830:INFO:sklearn==1.1.1
2022-07-22 13:21:58,830:INFO:xgboost==1.6.1
2022-07-22 13:21:58,830:INFO:lightgbm==3.3.2
2022-07-22 13:21:58,830:INFO:catboost==0.26.1
2022-07-22 13:21:58,830:INFO:mlflow==1.27.0
2022-07-22 13:21:58,830:INFO:Checking Exceptions
2022-07-22 13:21:58,830:INFO:Declaring global variables
2022-07-22 13:21:58,831:INFO:USI: cd5d
2022-07-22 13:21:58,831:INFO:pycaret_globals: {'_gpu_n_jobs_param', 'transform_target_method_param', '_internal_pipeline', 'X_train', 'stratify_param', '_all_models_internal', 'target_param', 'imputation_regressor', 'create_model_container', 'gpu_param', 'n_jobs_param', 'imputation_classifier', 'seed', 'y_train', 'fix_imbalance_param', 'display_container', 'data_before_preprocess', 'fold_groups_param', 'master_model_container', 'X', 'fold_generator', 'y_test', 'experiment__', 'USI', 'fix_imbalance_method_param', 'fold_param', 'pycaret_globals', 'exp_name_log', '_all_models', '_ml_usecase', 'prep_pipe', 'X_test', 'transform_target_param', 'log_plots_param', 'html_param', 'iterative_imputation_iters_param', 'logging_param', '_available_plots', 'y', 'fold_shuffle_param', '_all_metrics'}
2022-07-22 13:21:58,831:INFO:Preparing display monitor
2022-07-22 13:21:58,831:INFO:Preparing display monitor
2022-07-22 13:21:58,844:INFO:Importing libraries
2022-07-22 13:21:58,844:INFO:Copying data for preprocessing
2022-07-22 13:21:58,857:INFO:Declaring preprocessing parameters
2022-07-22 13:21:58,859:INFO:Creating preprocessing pipeline
2022-07-22 13:21:58,871:INFO:Preprocessing pipeline created successfully
2022-07-22 13:21:58,872:ERROR:(Process Exit): setup has been interupted with user command 'quit'. setup must rerun.
2022-07-22 13:21:58,872:INFO:Creating global containers
2022-07-22 13:23:50,309:INFO:PyCaret Supervised Module
2022-07-22 13:23:50,309:INFO:ML Usecase: classification
2022-07-22 13:23:50,309:INFO:version 2.2.2
2022-07-22 13:23:50,309:INFO:Initializing setup()
2022-07-22 13:23:50,309:INFO:setup(target=imdb_score, ml_usecase=classification, available_plots={'parameter': 'Hyperparameters', 'auc': 'AUC', 'confusion_matrix': 'Confusion Matrix', 'threshold': 'Threshold', 'pr': 'Precision Recall', 'error': 'Prediction Error', 'class_report': 'Class Report', 'rfe': 'Feature Selection', 'learning': 'Learning Curve', 'manifold': 'Manifold Learning', 'calibration': 'Calibration Curve', 'vc': 'Validation Curve', 'dimension': 'Dimensions', 'feature': 'Feature Importance', 'feature_all': 'Feature Importance (All)', 'boundary': 'Decision Boundary', 'lift': 'Lift Chart', 'gain': 'Gain Chart', 'tree': 'Decision Tree'}, train_size=0.7, test_data=None, preprocess=True, imputation_type=simple, iterative_imputation_iters=5, categorical_features=None, categorical_imputation=constant, categorical_iterative_imputer=lightgbm, ordinal_features=None, high_cardinality_features=None, high_cardinality_method=frequency, numeric_features=None, numeric_imputation=mean, numeric_iterative_imputer=lightgbm, date_features=None, ignore_features=None, normalize=False, normalize_method=zscore, transformation=False, transformation_method=yeo-johnson, handle_unknown_categorical=True, unknown_categorical_method=least_frequent, pca=False, pca_method=linear, pca_components=None, ignore_low_variance=False, combine_rare_levels=False, rare_level_threshold=0.1, bin_numeric_features=None, remove_outliers=False, outliers_threshold=0.05, remove_multicollinearity=False, multicollinearity_threshold=0.9, remove_perfect_collinearity=True, create_clusters=False, cluster_iter=20, polynomial_features=False, polynomial_degree=2, trigonometry_features=False, polynomial_threshold=0.1, group_features=None, group_names=None, feature_selection=False, feature_selection_threshold=0.8, feature_selection_method=classic, feature_interaction=False, feature_ratio=False, interaction_threshold=0.01, fix_imbalance=False, fix_imbalance_method=None, transform_target=False, transform_target_method=box-cox, data_split_shuffle=True, data_split_stratify=False, fold_strategy=stratifiedkfold, fold=10, fold_shuffle=False, fold_groups=None, n_jobs=-1, use_gpu=False, custom_pipeline=None, html=True, session_id=123, log_experiment=False, experiment_name=None, log_plots=False, log_profile=False, log_data=False, silent=False, verbose=True, profile=False, profile_kwargs=None, display=None)
2022-07-22 13:23:50,310:INFO:Checking environment
2022-07-22 13:23:50,310:INFO:python_version: 3.9.12
2022-07-22 13:23:50,310:INFO:python_build: ('main', 'Apr  4 2022 05:22:27')
2022-07-22 13:23:50,310:INFO:machine: AMD64
2022-07-22 13:23:50,310:INFO:platform: Windows-10-10.0.19044-SP0
2022-07-22 13:23:50,310:INFO:Memory: svmem(total=16844550144, available=3159687168, percent=81.2, used=13684862976, free=3159687168)
2022-07-22 13:23:50,310:INFO:Physical Core: 4
2022-07-22 13:23:50,310:INFO:Logical Core: 8
2022-07-22 13:23:50,310:INFO:Checking libraries
2022-07-22 13:23:50,310:INFO:pd==1.4.2
2022-07-22 13:23:50,311:INFO:numpy==1.21.5
2022-07-22 13:23:50,311:INFO:sklearn==1.1.1
2022-07-22 13:23:50,311:INFO:xgboost==1.6.1
2022-07-22 13:23:50,311:INFO:lightgbm==3.3.2
2022-07-22 13:23:50,311:INFO:catboost==0.26.1
2022-07-22 13:23:50,311:INFO:mlflow==1.27.0
2022-07-22 13:23:50,311:INFO:Checking Exceptions
2022-07-22 13:23:50,313:INFO:Declaring global variables
2022-07-22 13:23:50,313:INFO:USI: 2d52
2022-07-22 13:23:50,313:INFO:pycaret_globals: {'_gpu_n_jobs_param', 'transform_target_method_param', '_internal_pipeline', 'X_train', 'stratify_param', '_all_models_internal', 'target_param', 'imputation_regressor', 'create_model_container', 'gpu_param', 'n_jobs_param', 'imputation_classifier', 'seed', 'y_train', 'fix_imbalance_param', 'display_container', 'data_before_preprocess', 'fold_groups_param', 'master_model_container', 'X', 'fold_generator', 'y_test', 'experiment__', 'USI', 'fix_imbalance_method_param', 'fold_param', 'pycaret_globals', 'exp_name_log', '_all_models', '_ml_usecase', 'prep_pipe', 'X_test', 'transform_target_param', 'log_plots_param', 'html_param', 'iterative_imputation_iters_param', 'logging_param', '_available_plots', 'y', 'fold_shuffle_param', '_all_metrics'}
2022-07-22 13:23:50,313:INFO:Preparing display monitor
2022-07-22 13:23:50,313:INFO:Preparing display monitor
2022-07-22 13:23:50,328:INFO:Importing libraries
2022-07-22 13:23:50,329:INFO:Copying data for preprocessing
2022-07-22 13:23:50,336:INFO:Declaring preprocessing parameters
2022-07-22 13:23:50,337:INFO:Creating preprocessing pipeline
2022-07-22 13:23:50,346:INFO:Preprocessing pipeline created successfully
2022-07-22 13:23:50,347:ERROR:(Process Exit): setup has been interupted with user command 'quit'. setup must rerun.
2022-07-22 13:23:50,347:INFO:Creating global containers
2022-07-22 13:24:35,239:INFO:PyCaret Supervised Module
2022-07-22 13:24:35,239:INFO:ML Usecase: classification
2022-07-22 13:24:35,239:INFO:version 2.2.2
2022-07-22 13:24:35,239:INFO:Initializing setup()
2022-07-22 13:24:35,239:INFO:setup(target=imdb_score, ml_usecase=classification, available_plots={'parameter': 'Hyperparameters', 'auc': 'AUC', 'confusion_matrix': 'Confusion Matrix', 'threshold': 'Threshold', 'pr': 'Precision Recall', 'error': 'Prediction Error', 'class_report': 'Class Report', 'rfe': 'Feature Selection', 'learning': 'Learning Curve', 'manifold': 'Manifold Learning', 'calibration': 'Calibration Curve', 'vc': 'Validation Curve', 'dimension': 'Dimensions', 'feature': 'Feature Importance', 'feature_all': 'Feature Importance (All)', 'boundary': 'Decision Boundary', 'lift': 'Lift Chart', 'gain': 'Gain Chart', 'tree': 'Decision Tree'}, train_size=0.7, test_data=None, preprocess=True, imputation_type=simple, iterative_imputation_iters=5, categorical_features=None, categorical_imputation=constant, categorical_iterative_imputer=lightgbm, ordinal_features=None, high_cardinality_features=None, high_cardinality_method=frequency, numeric_features=None, numeric_imputation=mean, numeric_iterative_imputer=lightgbm, date_features=None, ignore_features=None, normalize=False, normalize_method=zscore, transformation=False, transformation_method=yeo-johnson, handle_unknown_categorical=True, unknown_categorical_method=least_frequent, pca=False, pca_method=linear, pca_components=None, ignore_low_variance=False, combine_rare_levels=False, rare_level_threshold=0.1, bin_numeric_features=None, remove_outliers=False, outliers_threshold=0.05, remove_multicollinearity=False, multicollinearity_threshold=0.9, remove_perfect_collinearity=True, create_clusters=False, cluster_iter=20, polynomial_features=False, polynomial_degree=2, trigonometry_features=False, polynomial_threshold=0.1, group_features=None, group_names=None, feature_selection=False, feature_selection_threshold=0.8, feature_selection_method=classic, feature_interaction=False, feature_ratio=False, interaction_threshold=0.01, fix_imbalance=False, fix_imbalance_method=None, transform_target=False, transform_target_method=box-cox, data_split_shuffle=True, data_split_stratify=False, fold_strategy=stratifiedkfold, fold=10, fold_shuffle=False, fold_groups=None, n_jobs=-1, use_gpu=False, custom_pipeline=None, html=True, session_id=123, log_experiment=False, experiment_name=None, log_plots=False, log_profile=False, log_data=False, silent=False, verbose=True, profile=False, profile_kwargs=None, display=None)
2022-07-22 13:24:35,239:INFO:Checking environment
2022-07-22 13:24:35,239:INFO:python_version: 3.9.12
2022-07-22 13:24:35,240:INFO:python_build: ('main', 'Apr  4 2022 05:22:27')
2022-07-22 13:24:35,240:INFO:machine: AMD64
2022-07-22 13:24:35,240:INFO:platform: Windows-10-10.0.19044-SP0
2022-07-22 13:24:35,240:INFO:Memory: svmem(total=16844550144, available=3207540736, percent=81.0, used=13637009408, free=3207540736)
2022-07-22 13:24:35,240:INFO:Physical Core: 4
2022-07-22 13:24:35,240:INFO:Logical Core: 8
2022-07-22 13:24:35,240:INFO:Checking libraries
2022-07-22 13:24:35,240:INFO:pd==1.4.2
2022-07-22 13:24:35,240:INFO:numpy==1.21.5
2022-07-22 13:24:35,240:INFO:sklearn==1.1.1
2022-07-22 13:24:35,240:INFO:xgboost==1.6.1
2022-07-22 13:24:35,241:INFO:lightgbm==3.3.2
2022-07-22 13:24:35,241:INFO:catboost==0.26.1
2022-07-22 13:24:35,241:INFO:mlflow==1.27.0
2022-07-22 13:24:35,241:INFO:Checking Exceptions
2022-07-22 13:24:35,242:INFO:Declaring global variables
2022-07-22 13:24:35,242:INFO:USI: 7de9
2022-07-22 13:24:35,242:INFO:pycaret_globals: {'_gpu_n_jobs_param', 'transform_target_method_param', '_internal_pipeline', 'X_train', 'stratify_param', '_all_models_internal', 'target_param', 'imputation_regressor', 'create_model_container', 'gpu_param', 'n_jobs_param', 'imputation_classifier', 'seed', 'y_train', 'fix_imbalance_param', 'display_container', 'data_before_preprocess', 'fold_groups_param', 'master_model_container', 'X', 'fold_generator', 'y_test', 'experiment__', 'USI', 'fix_imbalance_method_param', 'fold_param', 'pycaret_globals', 'exp_name_log', '_all_models', '_ml_usecase', 'prep_pipe', 'X_test', 'transform_target_param', 'log_plots_param', 'html_param', 'iterative_imputation_iters_param', 'logging_param', '_available_plots', 'y', 'fold_shuffle_param', '_all_metrics'}
2022-07-22 13:24:35,242:INFO:Preparing display monitor
2022-07-22 13:24:35,242:INFO:Preparing display monitor
2022-07-22 13:24:35,256:INFO:Importing libraries
2022-07-22 13:24:35,256:INFO:Copying data for preprocessing
2022-07-22 13:24:35,267:INFO:Declaring preprocessing parameters
2022-07-22 13:24:35,269:INFO:Creating preprocessing pipeline
2022-07-22 13:24:35,283:INFO:Preprocessing pipeline created successfully
2022-07-22 13:24:35,283:ERROR:(Process Exit): setup has been interupted with user command 'quit'. setup must rerun.
2022-07-22 13:24:35,283:INFO:Creating global containers
2022-07-22 13:25:18,086:INFO:PyCaret Supervised Module
2022-07-22 13:25:18,087:INFO:ML Usecase: classification
2022-07-22 13:25:18,087:INFO:version 2.2.2
2022-07-22 13:25:18,087:INFO:Initializing setup()
2022-07-22 13:25:18,087:INFO:setup(target=imdb_score, ml_usecase=classification, available_plots={'parameter': 'Hyperparameters', 'auc': 'AUC', 'confusion_matrix': 'Confusion Matrix', 'threshold': 'Threshold', 'pr': 'Precision Recall', 'error': 'Prediction Error', 'class_report': 'Class Report', 'rfe': 'Feature Selection', 'learning': 'Learning Curve', 'manifold': 'Manifold Learning', 'calibration': 'Calibration Curve', 'vc': 'Validation Curve', 'dimension': 'Dimensions', 'feature': 'Feature Importance', 'feature_all': 'Feature Importance (All)', 'boundary': 'Decision Boundary', 'lift': 'Lift Chart', 'gain': 'Gain Chart', 'tree': 'Decision Tree'}, train_size=0.7, test_data=None, preprocess=True, imputation_type=simple, iterative_imputation_iters=5, categorical_features=None, categorical_imputation=constant, categorical_iterative_imputer=lightgbm, ordinal_features=None, high_cardinality_features=None, high_cardinality_method=frequency, numeric_features=None, numeric_imputation=mean, numeric_iterative_imputer=lightgbm, date_features=None, ignore_features=None, normalize=False, normalize_method=zscore, transformation=False, transformation_method=yeo-johnson, handle_unknown_categorical=True, unknown_categorical_method=least_frequent, pca=False, pca_method=linear, pca_components=None, ignore_low_variance=False, combine_rare_levels=False, rare_level_threshold=0.1, bin_numeric_features=None, remove_outliers=False, outliers_threshold=0.05, remove_multicollinearity=False, multicollinearity_threshold=0.9, remove_perfect_collinearity=True, create_clusters=False, cluster_iter=20, polynomial_features=False, polynomial_degree=2, trigonometry_features=False, polynomial_threshold=0.1, group_features=None, group_names=None, feature_selection=False, feature_selection_threshold=0.8, feature_selection_method=classic, feature_interaction=False, feature_ratio=False, interaction_threshold=0.01, fix_imbalance=False, fix_imbalance_method=None, transform_target=False, transform_target_method=box-cox, data_split_shuffle=True, data_split_stratify=False, fold_strategy=stratifiedkfold, fold=10, fold_shuffle=False, fold_groups=None, n_jobs=-1, use_gpu=False, custom_pipeline=None, html=True, session_id=123, log_experiment=False, experiment_name=None, log_plots=False, log_profile=False, log_data=False, silent=False, verbose=True, profile=False, profile_kwargs=None, display=None)
2022-07-22 13:25:18,087:INFO:Checking environment
2022-07-22 13:25:18,087:INFO:python_version: 3.9.12
2022-07-22 13:25:18,087:INFO:python_build: ('main', 'Apr  4 2022 05:22:27')
2022-07-22 13:25:18,087:INFO:machine: AMD64
2022-07-22 13:25:18,087:INFO:platform: Windows-10-10.0.19044-SP0
2022-07-22 13:25:18,087:INFO:Memory: svmem(total=16844550144, available=3218644992, percent=80.9, used=13625905152, free=3218644992)
2022-07-22 13:25:18,087:INFO:Physical Core: 4
2022-07-22 13:25:18,088:INFO:Logical Core: 8
2022-07-22 13:25:18,088:INFO:Checking libraries
2022-07-22 13:25:18,089:INFO:pd==1.4.2
2022-07-22 13:25:18,089:INFO:numpy==1.21.5
2022-07-22 13:25:18,089:INFO:sklearn==1.1.1
2022-07-22 13:25:18,089:INFO:xgboost==1.6.1
2022-07-22 13:25:18,089:INFO:lightgbm==3.3.2
2022-07-22 13:25:18,089:INFO:catboost==0.26.1
2022-07-22 13:25:18,089:INFO:mlflow==1.27.0
2022-07-22 13:25:18,089:INFO:Checking Exceptions
2022-07-22 13:25:18,089:INFO:Declaring global variables
2022-07-22 13:25:18,089:INFO:USI: 850a
2022-07-22 13:25:18,090:INFO:pycaret_globals: {'_gpu_n_jobs_param', 'transform_target_method_param', '_internal_pipeline', 'X_train', 'stratify_param', '_all_models_internal', 'target_param', 'imputation_regressor', 'create_model_container', 'gpu_param', 'n_jobs_param', 'imputation_classifier', 'seed', 'y_train', 'fix_imbalance_param', 'display_container', 'data_before_preprocess', 'fold_groups_param', 'master_model_container', 'X', 'fold_generator', 'y_test', 'experiment__', 'USI', 'fix_imbalance_method_param', 'fold_param', 'pycaret_globals', 'exp_name_log', '_all_models', '_ml_usecase', 'prep_pipe', 'X_test', 'transform_target_param', 'log_plots_param', 'html_param', 'iterative_imputation_iters_param', 'logging_param', '_available_plots', 'y', 'fold_shuffle_param', '_all_metrics'}
2022-07-22 13:25:18,090:INFO:Preparing display monitor
2022-07-22 13:25:18,090:INFO:Preparing display monitor
2022-07-22 13:25:18,105:INFO:Importing libraries
2022-07-22 13:25:18,105:INFO:Copying data for preprocessing
2022-07-22 13:25:18,113:INFO:Declaring preprocessing parameters
2022-07-22 13:25:18,116:INFO:Creating preprocessing pipeline
2022-07-22 13:25:18,126:INFO:Preprocessing pipeline created successfully
2022-07-22 13:25:18,127:ERROR:(Process Exit): setup has been interupted with user command 'quit'. setup must rerun.
2022-07-22 13:25:18,128:INFO:Creating global containers
2022-07-22 13:26:59,312:INFO:PyCaret Supervised Module
2022-07-22 13:26:59,312:INFO:ML Usecase: classification
2022-07-22 13:26:59,312:INFO:version 2.2.2
2022-07-22 13:26:59,312:INFO:Initializing setup()
2022-07-22 13:26:59,312:INFO:setup(target=imdb_score, ml_usecase=classification, available_plots={'parameter': 'Hyperparameters', 'auc': 'AUC', 'confusion_matrix': 'Confusion Matrix', 'threshold': 'Threshold', 'pr': 'Precision Recall', 'error': 'Prediction Error', 'class_report': 'Class Report', 'rfe': 'Feature Selection', 'learning': 'Learning Curve', 'manifold': 'Manifold Learning', 'calibration': 'Calibration Curve', 'vc': 'Validation Curve', 'dimension': 'Dimensions', 'feature': 'Feature Importance', 'feature_all': 'Feature Importance (All)', 'boundary': 'Decision Boundary', 'lift': 'Lift Chart', 'gain': 'Gain Chart', 'tree': 'Decision Tree'}, train_size=0.7, test_data=None, preprocess=True, imputation_type=simple, iterative_imputation_iters=5, categorical_features=None, categorical_imputation=constant, categorical_iterative_imputer=lightgbm, ordinal_features=None, high_cardinality_features=None, high_cardinality_method=frequency, numeric_features=None, numeric_imputation=mean, numeric_iterative_imputer=lightgbm, date_features=None, ignore_features=None, normalize=False, normalize_method=zscore, transformation=False, transformation_method=yeo-johnson, handle_unknown_categorical=True, unknown_categorical_method=least_frequent, pca=False, pca_method=linear, pca_components=None, ignore_low_variance=False, combine_rare_levels=False, rare_level_threshold=0.1, bin_numeric_features=None, remove_outliers=False, outliers_threshold=0.05, remove_multicollinearity=False, multicollinearity_threshold=0.9, remove_perfect_collinearity=True, create_clusters=False, cluster_iter=20, polynomial_features=False, polynomial_degree=2, trigonometry_features=False, polynomial_threshold=0.1, group_features=None, group_names=None, feature_selection=False, feature_selection_threshold=0.8, feature_selection_method=classic, feature_interaction=False, feature_ratio=False, interaction_threshold=0.01, fix_imbalance=False, fix_imbalance_method=None, transform_target=False, transform_target_method=box-cox, data_split_shuffle=True, data_split_stratify=False, fold_strategy=stratifiedkfold, fold=10, fold_shuffle=False, fold_groups=None, n_jobs=-1, use_gpu=False, custom_pipeline=None, html=True, session_id=123, log_experiment=False, experiment_name=None, log_plots=False, log_profile=False, log_data=False, silent=False, verbose=True, profile=False, profile_kwargs=None, display=None)
2022-07-22 13:26:59,313:INFO:Checking environment
2022-07-22 13:26:59,313:INFO:python_version: 3.9.12
2022-07-22 13:26:59,313:INFO:python_build: ('main', 'Apr  4 2022 05:22:27')
2022-07-22 13:26:59,313:INFO:machine: AMD64
2022-07-22 13:26:59,313:INFO:platform: Windows-10-10.0.19044-SP0
2022-07-22 13:26:59,313:INFO:Memory: svmem(total=16844550144, available=3096866816, percent=81.6, used=13747683328, free=3096866816)
2022-07-22 13:26:59,313:INFO:Physical Core: 4
2022-07-22 13:26:59,313:INFO:Logical Core: 8
2022-07-22 13:26:59,313:INFO:Checking libraries
2022-07-22 13:26:59,314:INFO:pd==1.4.2
2022-07-22 13:26:59,314:INFO:numpy==1.21.5
2022-07-22 13:26:59,314:INFO:sklearn==1.1.1
2022-07-22 13:26:59,314:INFO:xgboost==1.6.1
2022-07-22 13:26:59,314:INFO:lightgbm==3.3.2
2022-07-22 13:26:59,314:INFO:catboost==0.26.1
2022-07-22 13:26:59,314:INFO:mlflow==1.27.0
2022-07-22 13:26:59,314:INFO:Checking Exceptions
2022-07-22 13:26:59,315:INFO:Declaring global variables
2022-07-22 13:26:59,315:INFO:USI: 00bb
2022-07-22 13:26:59,315:INFO:pycaret_globals: {'_gpu_n_jobs_param', 'transform_target_method_param', '_internal_pipeline', 'X_train', 'stratify_param', '_all_models_internal', 'target_param', 'imputation_regressor', 'create_model_container', 'gpu_param', 'n_jobs_param', 'imputation_classifier', 'seed', 'y_train', 'fix_imbalance_param', 'display_container', 'data_before_preprocess', 'fold_groups_param', 'master_model_container', 'X', 'fold_generator', 'y_test', 'experiment__', 'USI', 'fix_imbalance_method_param', 'fold_param', 'pycaret_globals', 'exp_name_log', '_all_models', '_ml_usecase', 'prep_pipe', 'X_test', 'transform_target_param', 'log_plots_param', 'html_param', 'iterative_imputation_iters_param', 'logging_param', '_available_plots', 'y', 'fold_shuffle_param', '_all_metrics'}
2022-07-22 13:26:59,315:INFO:Preparing display monitor
2022-07-22 13:26:59,315:INFO:Preparing display monitor
2022-07-22 13:26:59,334:INFO:Importing libraries
2022-07-22 13:26:59,334:INFO:Copying data for preprocessing
2022-07-22 13:26:59,374:INFO:Declaring preprocessing parameters
2022-07-22 13:26:59,405:INFO:Creating preprocessing pipeline
2022-07-22 13:26:59,642:INFO:Preprocessing pipeline created successfully
2022-07-22 13:26:59,643:ERROR:(Process Exit): setup has been interupted with user command 'quit'. setup must rerun.
2022-07-22 13:26:59,643:INFO:Creating global containers
2022-07-22 13:28:39,035:INFO:PyCaret Supervised Module
2022-07-22 13:28:39,035:INFO:ML Usecase: classification
2022-07-22 13:28:39,035:INFO:version 2.2.2
2022-07-22 13:28:39,036:INFO:Initializing setup()
2022-07-22 13:28:39,036:INFO:setup(target=imdb_score, ml_usecase=classification, available_plots={'parameter': 'Hyperparameters', 'auc': 'AUC', 'confusion_matrix': 'Confusion Matrix', 'threshold': 'Threshold', 'pr': 'Precision Recall', 'error': 'Prediction Error', 'class_report': 'Class Report', 'rfe': 'Feature Selection', 'learning': 'Learning Curve', 'manifold': 'Manifold Learning', 'calibration': 'Calibration Curve', 'vc': 'Validation Curve', 'dimension': 'Dimensions', 'feature': 'Feature Importance', 'feature_all': 'Feature Importance (All)', 'boundary': 'Decision Boundary', 'lift': 'Lift Chart', 'gain': 'Gain Chart', 'tree': 'Decision Tree'}, train_size=0.7, test_data=None, preprocess=True, imputation_type=simple, iterative_imputation_iters=5, categorical_features=None, categorical_imputation=constant, categorical_iterative_imputer=lightgbm, ordinal_features=None, high_cardinality_features=None, high_cardinality_method=frequency, numeric_features=None, numeric_imputation=mean, numeric_iterative_imputer=lightgbm, date_features=None, ignore_features=None, normalize=False, normalize_method=zscore, transformation=False, transformation_method=yeo-johnson, handle_unknown_categorical=True, unknown_categorical_method=least_frequent, pca=False, pca_method=linear, pca_components=None, ignore_low_variance=False, combine_rare_levels=False, rare_level_threshold=0.1, bin_numeric_features=None, remove_outliers=False, outliers_threshold=0.05, remove_multicollinearity=False, multicollinearity_threshold=0.9, remove_perfect_collinearity=True, create_clusters=False, cluster_iter=20, polynomial_features=False, polynomial_degree=2, trigonometry_features=False, polynomial_threshold=0.1, group_features=None, group_names=None, feature_selection=False, feature_selection_threshold=0.8, feature_selection_method=classic, feature_interaction=False, feature_ratio=False, interaction_threshold=0.01, fix_imbalance=False, fix_imbalance_method=None, transform_target=False, transform_target_method=box-cox, data_split_shuffle=True, data_split_stratify=False, fold_strategy=stratifiedkfold, fold=10, fold_shuffle=False, fold_groups=None, n_jobs=-1, use_gpu=False, custom_pipeline=None, html=True, session_id=123, log_experiment=False, experiment_name=None, log_plots=False, log_profile=False, log_data=False, silent=False, verbose=True, profile=False, profile_kwargs=None, display=None)
2022-07-22 13:28:39,036:INFO:Checking environment
2022-07-22 13:28:39,036:INFO:python_version: 3.9.12
2022-07-22 13:28:39,036:INFO:python_build: ('main', 'Apr  4 2022 05:22:27')
2022-07-22 13:28:39,036:INFO:machine: AMD64
2022-07-22 13:28:39,036:INFO:platform: Windows-10-10.0.19044-SP0
2022-07-22 13:28:39,036:INFO:Memory: svmem(total=16844550144, available=3420811264, percent=79.7, used=13423738880, free=3420811264)
2022-07-22 13:28:39,036:INFO:Physical Core: 4
2022-07-22 13:28:39,036:INFO:Logical Core: 8
2022-07-22 13:28:39,036:INFO:Checking libraries
2022-07-22 13:28:39,036:INFO:pd==1.4.2
2022-07-22 13:28:39,036:INFO:numpy==1.21.5
2022-07-22 13:28:39,036:INFO:sklearn==1.1.1
2022-07-22 13:28:39,036:INFO:xgboost==1.6.1
2022-07-22 13:28:39,036:INFO:lightgbm==3.3.2
2022-07-22 13:28:39,036:INFO:catboost==0.26.1
2022-07-22 13:28:39,037:INFO:mlflow==1.27.0
2022-07-22 13:28:39,037:INFO:Checking Exceptions
2022-07-22 13:28:39,037:INFO:Declaring global variables
2022-07-22 13:28:39,037:INFO:USI: 0455
2022-07-22 13:28:39,037:INFO:pycaret_globals: {'_gpu_n_jobs_param', 'transform_target_method_param', '_internal_pipeline', 'X_train', 'stratify_param', '_all_models_internal', 'target_param', 'imputation_regressor', 'create_model_container', 'gpu_param', 'n_jobs_param', 'imputation_classifier', 'seed', 'y_train', 'fix_imbalance_param', 'display_container', 'data_before_preprocess', 'fold_groups_param', 'master_model_container', 'X', 'fold_generator', 'y_test', 'experiment__', 'USI', 'fix_imbalance_method_param', 'fold_param', 'pycaret_globals', 'exp_name_log', '_all_models', '_ml_usecase', 'prep_pipe', 'X_test', 'transform_target_param', 'log_plots_param', 'html_param', 'iterative_imputation_iters_param', 'logging_param', '_available_plots', 'y', 'fold_shuffle_param', '_all_metrics'}
2022-07-22 13:28:39,037:INFO:Preparing display monitor
2022-07-22 13:28:39,038:INFO:Preparing display monitor
2022-07-22 13:28:39,056:INFO:Importing libraries
2022-07-22 13:28:39,057:INFO:Copying data for preprocessing
2022-07-22 13:28:39,102:INFO:Declaring preprocessing parameters
2022-07-22 13:28:39,128:INFO:Creating preprocessing pipeline
2022-07-22 13:28:39,336:INFO:Preprocessing pipeline created successfully
2022-07-22 13:28:39,337:ERROR:(Process Exit): setup has been interupted with user command 'quit'. setup must rerun.
2022-07-22 13:28:39,337:INFO:Creating global containers
2022-07-22 13:29:14,621:INFO:PyCaret Supervised Module
2022-07-22 13:29:14,622:INFO:ML Usecase: classification
2022-07-22 13:29:14,622:INFO:version 2.2.2
2022-07-22 13:29:14,622:INFO:Initializing setup()
2022-07-22 13:29:14,622:INFO:setup(target=imdb_score, ml_usecase=classification, available_plots={'parameter': 'Hyperparameters', 'auc': 'AUC', 'confusion_matrix': 'Confusion Matrix', 'threshold': 'Threshold', 'pr': 'Precision Recall', 'error': 'Prediction Error', 'class_report': 'Class Report', 'rfe': 'Feature Selection', 'learning': 'Learning Curve', 'manifold': 'Manifold Learning', 'calibration': 'Calibration Curve', 'vc': 'Validation Curve', 'dimension': 'Dimensions', 'feature': 'Feature Importance', 'feature_all': 'Feature Importance (All)', 'boundary': 'Decision Boundary', 'lift': 'Lift Chart', 'gain': 'Gain Chart', 'tree': 'Decision Tree'}, train_size=0.7, test_data=None, preprocess=True, imputation_type=simple, iterative_imputation_iters=5, categorical_features=None, categorical_imputation=constant, categorical_iterative_imputer=lightgbm, ordinal_features=None, high_cardinality_features=None, high_cardinality_method=frequency, numeric_features=None, numeric_imputation=mean, numeric_iterative_imputer=lightgbm, date_features=None, ignore_features=None, normalize=False, normalize_method=zscore, transformation=False, transformation_method=yeo-johnson, handle_unknown_categorical=True, unknown_categorical_method=least_frequent, pca=False, pca_method=linear, pca_components=None, ignore_low_variance=False, combine_rare_levels=False, rare_level_threshold=0.1, bin_numeric_features=None, remove_outliers=False, outliers_threshold=0.05, remove_multicollinearity=False, multicollinearity_threshold=0.9, remove_perfect_collinearity=True, create_clusters=False, cluster_iter=20, polynomial_features=False, polynomial_degree=2, trigonometry_features=False, polynomial_threshold=0.1, group_features=None, group_names=None, feature_selection=False, feature_selection_threshold=0.8, feature_selection_method=classic, feature_interaction=False, feature_ratio=False, interaction_threshold=0.01, fix_imbalance=False, fix_imbalance_method=None, transform_target=False, transform_target_method=box-cox, data_split_shuffle=True, data_split_stratify=False, fold_strategy=stratifiedkfold, fold=10, fold_shuffle=False, fold_groups=None, n_jobs=-1, use_gpu=False, custom_pipeline=None, html=True, session_id=123, log_experiment=False, experiment_name=None, log_plots=False, log_profile=False, log_data=False, silent=False, verbose=True, profile=False, profile_kwargs=None, display=None)
2022-07-22 13:29:14,622:INFO:Checking environment
2022-07-22 13:29:14,622:INFO:python_version: 3.9.12
2022-07-22 13:29:14,622:INFO:python_build: ('main', 'Apr  4 2022 05:22:27')
2022-07-22 13:29:14,622:INFO:machine: AMD64
2022-07-22 13:29:14,623:INFO:platform: Windows-10-10.0.19044-SP0
2022-07-22 13:29:14,623:INFO:Memory: svmem(total=16844550144, available=3415707648, percent=79.7, used=13428842496, free=3415707648)
2022-07-22 13:29:14,623:INFO:Physical Core: 4
2022-07-22 13:29:14,623:INFO:Logical Core: 8
2022-07-22 13:29:14,623:INFO:Checking libraries
2022-07-22 13:29:14,623:INFO:pd==1.4.2
2022-07-22 13:29:14,623:INFO:numpy==1.21.5
2022-07-22 13:29:14,624:INFO:sklearn==1.1.1
2022-07-22 13:29:14,624:INFO:xgboost==1.6.1
2022-07-22 13:29:14,624:INFO:lightgbm==3.3.2
2022-07-22 13:29:14,624:INFO:catboost==0.26.1
2022-07-22 13:29:14,624:INFO:mlflow==1.27.0
2022-07-22 13:29:14,624:INFO:Checking Exceptions
2022-07-22 13:29:14,624:INFO:Declaring global variables
2022-07-22 13:29:14,624:INFO:USI: d1ef
2022-07-22 13:29:14,624:INFO:pycaret_globals: {'_gpu_n_jobs_param', 'transform_target_method_param', '_internal_pipeline', 'X_train', 'stratify_param', '_all_models_internal', 'target_param', 'imputation_regressor', 'create_model_container', 'gpu_param', 'n_jobs_param', 'imputation_classifier', 'seed', 'y_train', 'fix_imbalance_param', 'display_container', 'data_before_preprocess', 'fold_groups_param', 'master_model_container', 'X', 'fold_generator', 'y_test', 'experiment__', 'USI', 'fix_imbalance_method_param', 'fold_param', 'pycaret_globals', 'exp_name_log', '_all_models', '_ml_usecase', 'prep_pipe', 'X_test', 'transform_target_param', 'log_plots_param', 'html_param', 'iterative_imputation_iters_param', 'logging_param', '_available_plots', 'y', 'fold_shuffle_param', '_all_metrics'}
2022-07-22 13:29:14,625:INFO:Preparing display monitor
2022-07-22 13:29:14,625:INFO:Preparing display monitor
2022-07-22 13:29:14,640:INFO:Importing libraries
2022-07-22 13:29:14,640:INFO:Copying data for preprocessing
2022-07-22 13:29:14,673:INFO:Declaring preprocessing parameters
2022-07-22 13:29:14,691:INFO:Creating preprocessing pipeline
2022-07-22 13:29:14,871:INFO:Preprocessing pipeline created successfully
2022-07-22 13:29:14,871:ERROR:(Process Exit): setup has been interupted with user command 'quit'. setup must rerun.
2022-07-22 13:29:14,872:INFO:Creating global containers
